Hungary: DLCPI_SA
AR       1.0000000 
Quandt estimate of break date 
       39.000000       0.66101695 
       39.000000       0.66101695 
       39.000000       0.66101695 

            Test            Stat         P-Value
           SupLM      9.98168900      0.09537494
           ExpLM      3.70838072      0.02961558
           AveLM      6.34829436      0.01395959


Hungary: DLCPI_SA
AR       2.0000000 
Quandt estimate of break date 
       39.000000       0.67241379 
       38.000000       0.65517241 
       38.000000       0.65517241 
       38.000000       0.65517241 

            Test            Stat         P-Value
           SupLM      9.37211563      0.26131333
           ExpLM      3.56467074      0.09511740
           AveLM      6.27069610      0.04456646


Hungary: DLCPI_SA
AR       3.0000000 
Quandt estimate of break date 
       27.000000       0.47368421 
       29.000000       0.50877193 
       29.000000       0.50877193 
       29.000000       0.50877193 
       29.000000       0.50877193 

            Test            Stat         P-Value
           SupLM     10.78432860      0.30424076
           ExpLM      3.59554327      0.19173571
           AveLM      5.61721174      0.16834652


Hungary: DLCPI_SA
AR       4.0000000 
Quandt estimate of break date 
       24.000000       0.42857143 
       28.000000       0.50000000 
       28.000000       0.50000000 
       28.000000       0.50000000 
       28.000000       0.50000000 
       28.000000       0.50000000 

            Test            Stat         P-Value
           SupLM     10.20750414      0.51875917
           ExpLM      3.42692268      0.37057323
           AveLM      5.40304225      0.35532567


Hungary: DLCPI_SA
AR       5.0000000 
Quandt estimate of break date 
       27.000000       0.49090909 
       27.000000       0.49090909 
       32.000000       0.58181818 
       27.000000       0.49090909 
       27.000000       0.49090909 
       32.000000       0.58181818 
       27.000000       0.49090909 

            Test            Stat         P-Value
           SupLM     14.46921177      0.27303874
           ExpLM      5.20145416      0.18265486
           AveLM      8.11876831      0.16111979


Hungary: DLIP_SA
AR       1.0000000 
Quandt estimate of break date 
       15.000000       0.25423729 
       15.000000       0.25423729 
       34.000000       0.57627119 

            Test            Stat         P-Value
           SupLM      8.60118773      0.16365652
           ExpLM      2.52188655      0.10262457
           AveLM      4.19368226      0.06939719


Hungary: DLIP_SA
AR       2.0000000 
Quandt estimate of break date 
       14.000000       0.24137931 
       14.000000       0.24137931 
       32.000000       0.55172414 
       49.000000       0.84482759 

            Test            Stat         P-Value
           SupLM      9.12839574      0.28267468
           ExpLM      2.29278432      0.30011705
           AveLM      3.58919761      0.28026667


Hungary: DLIP_SA
AR       3.0000000 
Quandt estimate of break date 
       13.000000       0.22807018 
       13.000000       0.22807018 
       13.000000       0.22807018 
       48.000000       0.84210526 
       19.000000       0.33333333 

            Test            Stat         P-Value
           SupLM      8.78928871      0.50946057
           ExpLM      2.35476215      0.48828742
           AveLM      3.73047699      0.47330069


Hungary: DLIP_SA
AR       4.0000000 
Quandt estimate of break date 
       12.000000       0.21428571 
       12.000000       0.21428571 
       32.000000       0.57142857 
       47.000000       0.83928571 
       18.000000       0.32142857 
       21.000000       0.37500000 

            Test            Stat         P-Value
           SupLM      8.66433556      0.69727310
           ExpLM      2.75192654      0.55922690
           AveLM      4.67357684      0.49042305


Hungary: DLIP_SA
AR       5.0000000 
Quandt estimate of break date 
       11.000000       0.20000000 
       11.000000       0.20000000 
       11.000000       0.20000000 
       46.000000       0.83636364 
       46.000000       0.83636364 
       46.000000       0.83636364 
       12.000000       0.21818182 

            Test            Stat         P-Value
           SupLM      8.09171935      0.88662422
           ExpLM      2.57088470      0.78972464
           AveLM      4.62945751      0.69492128


Hungary: DLM_SA
AR       1.0000000 
Quandt estimate of break date 
       47.000000       0.79661017 
       19.000000       0.32203390 
       19.000000       0.32203390 

            Test            Stat         P-Value
           SupLM      2.21396466      0.97681688
           ExpLM      0.50137978      0.85993486
           AveLM      0.93091113      0.81384722


Hungary: DLM_SA
AR       2.0000000 
Quandt estimate of break date 
       9.0000000       0.15517241 
       18.000000       0.31034483 
       18.000000       0.31034483 
       18.000000       0.31034483 

            Test            Stat         P-Value
           SupLM      2.31910714      0.99872447
           ExpLM      0.59756565      0.97384933
           AveLM      1.13415689      0.96016057


Hungary: DLM_SA
AR       3.0000000 
Quandt estimate of break date 
       9.0000000       0.15789474 
       17.000000       0.29824561 
       17.000000       0.29824561 
       17.000000       0.29824561 
       17.000000       0.29824561 

            Test            Stat         P-Value
           SupLM      4.35689145      0.96936252
           ExpLM      1.06133321      0.94502727
           AveLM      1.93317628      0.92155511


Hungary: DLM_SA
AR       4.0000000 
Quandt estimate of break date 
       8.0000000       0.14285714 
       16.000000       0.28571429 
       16.000000       0.28571429 
       16.000000       0.28571429 
       16.000000       0.28571429 
       16.000000       0.28571429 

            Test            Stat         P-Value
           SupLM      6.94277388      0.87822458
           ExpLM      2.33505908      0.69419857
           AveLM      4.00315823      0.63409460


Hungary: DLM_SA
AR       5.0000000 
Quandt estimate of break date 
       35.000000       0.63636364 
       15.000000       0.27272727 
       15.000000       0.27272727 
       15.000000       0.27272727 
       15.000000       0.27272727 
       15.000000       0.27272727 
       15.000000       0.27272727 

            Test            Stat         P-Value
           SupLM      7.59148996      0.92183177
           ExpLM      2.97100144      0.67381478
           AveLM      5.58246759      0.50641803


